2026-01-18 00:46:20,661 - __main__ - INFO - Загружен файл: D:\SIXBOT\DATA\users.json
2026-01-18 00:46:20,662 - __main__ - INFO - Загружен файл: D:\SIXBOT\DATA\cards.json
2026-01-18 00:46:20,663 - __main__ - INFO - Загружен файл: D:\SIXBOT\DATA\market.json
2026-01-18 00:46:20,664 - __main__ - INFO - Загружен файл: D:\SIXBOT\DATA\achievements.json
2026-01-18 00:46:20,664 - __main__ - INFO - Загружен файл: D:\SIXBOT\DATA\transactions.json
2026-01-18 00:46:20,665 - __main__ - INFO - Загружен файл: D:\SIXBOT\DATA\games.json
2026-01-18 00:46:20,679 - __main__ - INFO - Загружен файл: D:\SIXBOT\DATA\groups.json
2026-01-18 00:46:20,693 - __main__ - INFO - Загружен файл: D:\SIXBOT\DATA\user_messages.json
2026-01-18 00:46:20,707 - __main__ - INFO - Загружен файл: D:\SIXBOT\DATA\promocodes.json
2026-01-18 00:46:20,708 - __main__ - INFO - Загружен файл: D:\SIXBOT\DATA\promocode_usage.json
2026-01-18 00:46:20,709 - __main__ - INFO - ==================================================
2026-01-18 00:46:20,709 - __main__ - INFO - 🤖 Запуск Sedwc Bot...
2026-01-18 00:46:20,710 - __main__ - INFO - 📊 Пользователей в базе: 12
2026-01-18 00:46:20,710 - __main__ - INFO - 🎴 Карточек в базе: 0
2026-01-18 00:46:20,711 - __main__ - INFO - 👥 Групп в базе: 1
2026-01-18 00:46:20,711 - __main__ - INFO - ==================================================
2026-01-18 00:46:21,635 - __main__ - INFO - Бот успешно запущен: @Sedwc_bot
2026-01-18 00:46:21,636 - __main__ - INFO - Имя бота: Sedwc
2026-01-18 09:43:13,082 - __main__ - INFO - Загружен файл: D:\SIXBOT\DATA\users.json
2026-01-18 09:43:13,089 - __main__ - INFO - Загружен файл: D:\SIXBOT\DATA\cards.json
2026-01-18 09:43:13,093 - __main__ - INFO - Загружен файл: D:\SIXBOT\DATA\market.json
2026-01-18 09:43:13,095 - __main__ - INFO - Загружен файл: D:\SIXBOT\DATA\achievements.json
2026-01-18 09:43:13,098 - __main__ - INFO - Загружен файл: D:\SIXBOT\DATA\transactions.json
2026-01-18 09:43:13,100 - __main__ - INFO - Загружен файл: D:\SIXBOT\DATA\games.json
2026-01-18 09:43:13,129 - __main__ - INFO - Загружен файл: D:\SIXBOT\DATA\groups.json
2026-01-18 09:43:13,160 - __main__ - INFO - Загружен файл: D:\SIXBOT\DATA\user_messages.json
2026-01-18 09:43:13,180 - __main__ - INFO - Загружен файл: D:\SIXBOT\DATA\promocodes.json
2026-01-18 09:43:13,183 - __main__ - INFO - Загружен файл: D:\SIXBOT\DATA\promocode_usage.json
2026-01-18 09:43:13,187 - __main__ - INFO - ==================================================
2026-01-18 09:43:13,187 - __main__ - INFO - 🤖 Запуск Sedwc Bot...
2026-01-18 09:43:13,189 - __main__ - INFO - 📊 Пользователей в базе: 12
2026-01-18 09:43:13,190 - __main__ - INFO - 🎴 Карточек в базе: 0
2026-01-18 09:43:13,190 - __main__ - INFO - 👥 Групп в базе: 1
2026-01-18 09:43:13,191 - __main__ - INFO - ==================================================
2026-01-18 09:43:15,146 - __main__ - INFO - Бот успешно запущен: @Sedwc_bot
2026-01-18 09:43:15,163 - __main__ - INFO - Имя бота: Sedwc
2026-01-18 09:43:17,714 - __main__ - INFO - Зарегистрирован новый пользователь: 6880497575
2026-01-18 09:43:17,720 - __main__ - INFO - Зарегистрирован новый пользователь: 5464603567
2026-01-18 09:43:17,805 - __main__ - INFO - Зарегистрирован новый пользователь: 777000
2026-01-18 09:43:17,813 - __main__ - INFO - Зарегистрирован новый пользователь: 1100073689
2026-01-18 09:43:17,826 - __main__ - INFO - Зарегистрирован новый пользователь: 7133649323
2026-01-18 09:43:17,897 - __main__ - INFO - Зарегистрирован новый пользователь: 8233619040
2026-01-18 09:43:17,931 - __main__ - INFO - Зарегистрирован новый пользователь: 8489480610
2026-01-18 09:43:17,934 - __main__ - INFO - Зарегистрирован новый пользователь: 6478965434
2026-01-18 09:43:17,947 - __main__ - INFO - Зарегистрирован новый пользователь: 6990485091
2026-01-18 09:43:18,010 - __main__ - INFO - Зарегистрирован новый пользователь: 6144724282
2026-01-18 09:43:18,014 - __main__ - INFO - Зарегистрирован новый пользователь: 5190795196
2026-01-18 09:43:18,049 - __main__ - INFO - Зарегистрирован новый пользователь: 5759505396
2026-01-18 09:43:18,052 - __main__ - INFO - Зарегистрирован новый пользователь: 7712655016
2026-01-18 09:43:18,066 - __main__ - INFO - Зарегистрирован новый пользователь: 8363381450
2026-01-18 09:43:18,082 - __main__ - INFO - Зарегистрирован новый пользователь: 8411615826
2026-01-18 09:43:18,149 - __main__ - INFO - Зарегистрирован новый пользователь: 6600893465
2026-01-18 09:43:18,175 - __main__ - INFO - Зарегистрирован новый пользователь: 6077115344
2026-01-18 09:43:18,178 - __main__ - INFO - Зарегистрирован новый пользователь: 5788256806
2026-01-18 09:43:18,191 - __main__ - INFO - Зарегистрирован новый пользователь: 6214895241
2026-01-18 09:46:54,513 - __main__ - INFO - Зарегистрирован новый пользователь: 7329366947
